\BOOKMARK [1][-]{section.1}{\376\377\000R\000i\000g\000o\000r\000o\000u\000s\000\040\000L\000y\000a\000p\000u\000n\000o\000v\000\040\000S\000t\000a\000b\000i\000l\000i\000t\000y\000\040\000A\000n\000a\000l\000y\000s\000i\000s\000\040\000f\000o\000r\000\040\000A\000n\000g\000l\000e\000-\000O\000n\000l\000y\000\040\000C\000o\000l\000l\000i\000s\000i\000o\000n\000\040\000A\000v\000o\000i\000d\000a\000n\000c\000e\000\040\000S\000y\000s\000t\000e\000m}{}% 1
\BOOKMARK [2][-]{subsection.1.1}{\376\377\000C\000o\000m\000p\000l\000e\000t\000e\000\040\000M\000a\000t\000h\000e\000m\000a\000t\000i\000c\000a\000l\000\040\000D\000e\000r\000i\000v\000a\000t\000i\000o\000n\000\040\000w\000i\000t\000h\000\040\000E\000n\000e\000r\000g\000y\000\040\000F\000u\000n\000c\000t\000i\000o\000n\000\040\000A\000p\000p\000r\000o\000a\000c\000h}{section.1}% 2
\BOOKMARK [3][-]{subsubsection.1.1.1}{\376\377\000A\000b\000s\000t\000r\000a\000c\000t}{subsection.1.1}% 3
\BOOKMARK [2][-]{subsection.1.2}{\376\377\0001\000.\000\040\000S\000y\000s\000t\000e\000m\000\040\000M\000o\000d\000e\000l\000i\000n\000g\000\040\000w\000i\000t\000h\000\040\000C\000o\000m\000p\000l\000e\000t\000e\000\040\000D\000y\000n\000a\000m\000i\000c\000s}{section.1}% 4
\BOOKMARK [3][-]{subsubsection.1.2.1}{\376\377\0001\000.\0001\000\040\000S\000t\000a\000t\000e\000\040\000V\000a\000r\000i\000a\000b\000l\000e\000s\000\040\000a\000n\000d\000\040\000C\000o\000o\000r\000d\000i\000n\000a\000t\000e\000\040\000S\000y\000s\000t\000e\000m}{subsection.1.2}% 5
\BOOKMARK [3][-]{subsubsection.1.2.2}{\376\377\0001\000.\0002\000\040\000C\000o\000m\000p\000l\000e\000t\000e\000\040\000S\000y\000s\000t\000e\000m\000\040\000D\000y\000n\000a\000m\000i\000c\000s\000\040\000D\000e\000r\000i\000v\000a\000t\000i\000o\000n}{subsection.1.2}% 6
\BOOKMARK [3][-]{subsubsection.1.2.3}{\376\377\0001\000.\0003\000\040\000U\000n\000i\000f\000o\000r\000m\000\040\000B\000o\000u\000n\000d\000s\000\040\000a\000n\000d\000\040\000S\000a\000m\000p\000l\000i\000n\000g}{subsection.1.2}% 7
\BOOKMARK [3][-]{subsubsection.1.2.4}{\376\377\0001\000.\0004\000\040\000A\000d\000v\000e\000r\000s\000a\000r\000i\000a\000l\000\040\000T\000a\000r\000g\000e\000t\000\040\000C\000o\000n\000s\000i\000d\000e\000r\000a\000t\000i\000o\000n\000s}{subsection.1.2}% 8
\BOOKMARK [3][-]{subsubsection.1.2.5}{\376\377\0001\000.\0005\000\040\000C\000o\000n\000t\000r\000o\000l\000\040\000L\000a\000w\000\040\000w\000i\000t\000h\000\040\000M\000a\000x\000i\000m\000u\000m\000\040\000T\000u\000r\000n\000\040\000R\000a\000t\000e\000\040\000C\000o\000n\000s\000t\000r\000a\000i\000n\000t}{subsection.1.2}% 9
\BOOKMARK [2][-]{subsection.1.3}{\376\377\0002\000.\000\040\000E\000n\000e\000r\000g\000y\000\040\000F\000u\000n\000c\000t\000i\000o\000n\000\040\000\050\000L\000y\000a\000p\000u\000n\000o\000v\000\040\000F\000u\000n\000c\000t\000i\000o\000n\000\051\000\040\000D\000e\000s\000i\000g\000n}{section.1}% 10
\BOOKMARK [3][-]{subsubsection.1.3.1}{\376\377\0002\000.\0001\000\040\000B\000a\000r\000r\000i\000e\000r\000\040\000L\000y\000a\000p\000u\000n\000o\000v\000\040\000F\000u\000n\000c\000t\000i\000o\000n\000\040\000f\000o\000r\000\040\000S\000a\000f\000e\000t\000y}{subsection.1.3}% 11
\BOOKMARK [3][-]{subsubsection.1.3.2}{\376\377\0002\000.\0002\000\040\000G\000e\000o\000m\000e\000t\000r\000i\000c\000\040\000L\000y\000a\000p\000u\000n\000o\000v\000\040\000F\000u\000n\000c\000t\000i\000o\000n\000\040\000f\000o\000r\000\040\000C\000o\000n\000v\000e\000r\000g\000e\000n\000c\000e}{subsection.1.3}% 12
\BOOKMARK [3][-]{subsubsection.1.3.3}{\376\377\0002\000.\0003\000\040\000C\000o\000m\000p\000o\000s\000i\000t\000e\000\040\000E\000n\000e\000r\000g\000y\000\040\000F\000u\000n\000c\000t\000i\000o\000n}{subsection.1.3}% 13
\BOOKMARK [2][-]{subsection.1.4}{\376\377\0003\000.\000\040\000R\000i\000g\000o\000r\000o\000u\000s\000\040\000S\000t\000a\000b\000i\000l\000i\000t\000y\000\040\000A\000n\000a\000l\000y\000s\000i\000s}{section.1}% 14
\BOOKMARK [3][-]{subsubsection.1.4.1}{\376\377\0003\000.\0001\000\040\000S\000a\000f\000e\000t\000y\000\040\000P\000r\000o\000o\000f\000\040\000\050\000F\000o\000r\000w\000a\000r\000d\000\040\000I\000n\000v\000a\000r\000i\000a\000n\000c\000e\000\051}{subsection.1.4}% 15
\BOOKMARK [3][-]{subsubsection.1.4.2}{\376\377\0003\000.\0002\000\040\000B\000o\000u\000n\000d\000e\000d\000n\000e\000s\000s\000\040\000P\000r\000o\000o\000f}{subsection.1.4}% 16
\BOOKMARK [3][-]{subsubsection.1.4.3}{\376\377\0003\000.\0003\000\040\000U\000l\000t\000i\000m\000a\000t\000e\000\040\000B\000o\000u\000n\000d\000e\000d\000n\000e\000s\000s\000\040\000P\000r\000o\000o\000f\000\040\000w\000i\000t\000h\000\040\000A\000d\000v\000e\000r\000s\000a\000r\000i\000a\000l\000\040\000T\000a\000r\000g\000e\000t\000\040\000C\000o\000n\000s\000i\000d\000e\000r\000a\000t\000i\000o\000n}{subsection.1.4}% 17
\BOOKMARK [3][-]{subsubsection.1.4.4}{\376\377\0003\000.\0004\000\040\000D\000i\000s\000c\000r\000e\000t\000e\000\040\000T\000i\000m\000e\000\040\000I\000m\000p\000l\000e\000m\000e\000n\000t\000a\000t\000i\000o\000n}{subsection.1.4}% 18
\BOOKMARK [3][-]{subsubsection.1.4.5}{\376\377\0003\000.\0005\000\040\000D\000i\000s\000c\000r\000e\000t\000e\000-\000T\000i\000m\000e\000\040\000P\000r\000a\000c\000t\000i\000c\000a\000l\000\040\000S\000t\000a\000b\000i\000l\000i\000t\000y}{subsection.1.4}% 19
\BOOKMARK [2][-]{subsection.1.5}{\376\377\0004\000.\000\040\000N\000u\000m\000e\000r\000i\000c\000a\000l\000\040\000V\000e\000r\000i\000f\000i\000c\000a\000t\000i\000o\000n\000\040\000F\000r\000a\000m\000e\000w\000o\000r\000k}{section.1}% 20
\BOOKMARK [3][-]{subsubsection.1.5.1}{\376\377\0004\000.\0001\000\040\000L\000y\000a\000p\000u\000n\000o\000v\000\040\000F\000u\000n\000c\000t\000i\000o\000n\000\040\000M\000o\000n\000i\000t\000o\000r\000i\000n\000g}{subsection.1.5}% 21
\BOOKMARK [3][-]{subsubsection.1.5.2}{\376\377\0004\000.\0002\000\040\000S\000t\000a\000b\000i\000l\000i\000t\000y\000\040\000I\000n\000d\000i\000c\000a\000t\000o\000r\000s}{subsection.1.5}% 22
\BOOKMARK [2][-]{subsection.1.6}{\376\377\0005\000.\000\040\000C\000o\000n\000c\000l\000u\000s\000i\000o\000n}{section.1}% 23
\BOOKMARK [2][-]{subsection.1.7}{\376\377\000R\000e\000f\000e\000r\000e\000n\000c\000e\000s}{section.1}% 24
